2022-07-30 16:12:49,474 INFO [root] [__init__.py(<module>:6)] - info
2022-07-30 16:12:49,475 ERROR [root] [__init__.py(<module>:7)] - error
2022-07-30 16:12:49,475 CRITICAL [root] [__init__.py(<module>:8)] - critical
2022-07-30 16:12:49,997 INFO [root] [trust.py(test01_trust_register:25)] - login response={'status': 200, 'description': '登录成功'}
2022-07-30 16:12:50,064 INFO [root] [trust.py(test01_trust_register:31)] - trust register response={'status': 200, 'description': {'form': "<form name='easypaysubmit' id='easypaysubmit' target='_blank' method='post' action='http://121.43.169.97:8000/muser/publicRequests'><input name='Version' type='hidden' value='10'/><input name='CmdId' type='hidden' value='UserRegister'/><input name='MerCustId' type='hidden' value='6000060007313892'/><input name='BgRetUrl' type='hidden' value='https://www.baidu.com/'/><input name='RetUrl' type='hidden' value='http://user-p2p-test.itheima.net/trust/chinapnr/register/return/22073016114499440650'/><input name='UsrId' type='hidden' value=''/><input name='UsrName' type='hidden' value=''/><input name='IdType' type='hidden' value='00'/><input name='IdNo' type='hidden' value='429006198902135782'/><input name='UsrMp' type='hidden' value='15688886611'/><input name='UsrEmail' type='hidden' value=''/><input name='MerPriv' type='hidden' value='22073016114499440650'/><input name='ChkValue' type='hidden' value='-101'/><input name='CharSet' type='hidden' value='UTF-8'/></form><script>document.forms['easypaysubmit'].submit();</script>"}}
2022-07-30 16:12:50,069 INFO [root] [utils.py(third_request_api:26)] - third request url=http://121.43.169.97:8000/muser/publicRequests
2022-07-30 16:12:50,070 INFO [root] [utils.py(third_request_api:31)] - third request data={'Version': '10', 'CmdId': 'UserRegister', 'MerCustId': '6000060007313892', 'BgRetUrl': 'https://www.baidu.com/', 'RetUrl': 'http://user-p2p-test.itheima.net/trust/chinapnr/register/return/22073016114499440650', 'UsrId': '', 'UsrName': '', 'IdType': '00', 'IdNo': '429006198902135782', 'UsrMp': '15688886611', 'UsrEmail': '', 'MerPriv': '22073016114499440650', 'ChkValue': '-101', 'CharSet': 'UTF-8'}
2022-07-30 16:12:50,286 INFO [root] [utils.py(third_request_api:34)] - third trust response=UserRegister OK
2022-07-30 16:12:50,435 INFO [root] [trust.py(test02_risk:46)] - login response={'status': 200, 'description': '登录成功'}
2022-07-30 16:12:50,677 INFO [root] [trust.py(test03_recharge_verifyCode_random_float:60)] - login response={'status': 200, 'description': '登录成功'}
2022-07-30 16:12:50,875 INFO [root] [trust.py(test04_recharge_verifyCode_random_int:76)] - login response={'status': 200, 'description': '登录成功'}
2022-07-30 16:12:51,071 INFO [root] [trust.py(test05_recharge_success:92)] - login response={'status': 200, 'description': '登录成功'}
2022-07-30 16:12:51,177 INFO [root] [trust.py(test05_recharge_success:107)] - recharge response={'status': 200, 'description': {'form': "<form name='easypaysubmit' id='easypaysubmit' target='_blank' method='post' action='http://121.43.169.97:8000/muser/publicRequests'><input name='Version' type='hidden' value='10'/><input name='CmdId' type='hidden' value='NetSave'/><input name='MerCustId' type='hidden' value='6000060007313892'/><input name='UsrCustId' type='hidden' value='6020220730161145'/><input name='OrdId' type='hidden' value='22073016114610266450'/><input name='OrdDate' type='hidden' value='20220730'/><input name='GateBusiId' type='hidden' value='B2C'/><input name='OpenBankId' type='hidden' value=''/><input name='DcFlag' type='hidden' value='D'/><input name='TransAmt' type='hidden' value='200000.00'/><input name='RetUrl' type='hidden' value='http://user-p2p-test.itheima.net/trust/chinapnr/recharge/return/22073016114610266450'/><input name='BgRetUrl' type='hidden' value='https://www.baidu.com/'/><input name='OpenAcctId' type='hidden' value=''/><input name='CertId' type='hidden' value=''/><input name='MerPriv' type='hidden' value='10050'/><input name='ChkValue' type='hidden' value='-101'/><input name='CharSet' type='hidden' value='UTF-8'/></form><script>document.forms['easypaysubmit'].submit();</script>"}}
2022-07-30 16:12:51,185 INFO [root] [utils.py(third_request_api:26)] - third request url=http://121.43.169.97:8000/muser/publicRequests
2022-07-30 16:12:51,186 INFO [root] [utils.py(third_request_api:31)] - third request data={'Version': '10', 'CmdId': 'NetSave', 'MerCustId': '6000060007313892', 'UsrCustId': '6020220730161145', 'OrdId': '22073016114610266450', 'OrdDate': '20220730', 'GateBusiId': 'B2C', 'OpenBankId': '', 'DcFlag': 'D', 'TransAmt': '200000.00', 'RetUrl': 'http://user-p2p-test.itheima.net/trust/chinapnr/recharge/return/22073016114610266450', 'BgRetUrl': 'https://www.baidu.com/', 'OpenAcctId': '', 'CertId': '', 'MerPriv': '10050', 'ChkValue': '-101', 'CharSet': 'UTF-8'}
2022-07-30 16:12:51,467 INFO [root] [utils.py(third_request_api:34)] - third trust response=NetSave OK
2022-07-30 16:12:51,468 INFO [root] [trust.py(test05_recharge_success:114)] - third recharge response=NetSave OK
2022-07-30 16:12:51,618 INFO [root] [trust.py(test06_recharge_verifyCode_error:123)] - login response={'status': 200, 'description': '登录成功'}
2022-07-30 16:12:51,716 INFO [root] [trust.py(test06_recharge_verifyCode_error:138)] - recharge response={'status': 100, 'description': '验证码错误'}
2022-07-30 16:12:51,878 INFO [root] [trust.py(test07_recharge_verifyCode_is_null:147)] - login response={'status': 200, 'description': '登录成功'}
2022-07-30 16:12:51,984 INFO [root] [trust.py(test07_recharge_verifyCode_is_null:162)] - recharge response={'status': 100, 'description': '验证码错误'}
