2022-07-30 16:01:02,184 INFO [root] [__init__.py(<module>:6)] - info
2022-07-30 16:01:02,185 ERROR [root] [__init__.py(<module>:7)] - error
2022-07-30 16:01:02,185 CRITICAL [root] [__init__.py(<module>:8)] - critical
2022-07-30 16:01:04,974 INFO [root] [para_login.py(test10_register:157)] - register response={'status': 100, 'description': '手机已存在!'}
2022-07-30 16:01:05,199 INFO [root] [para_login.py(test10_register:157)] - register response={'status': 100, 'description': '手机已存在!'}
2022-07-30 16:01:05,403 INFO [root] [para_login.py(test10_register:157)] - register response={'status': 100, 'description': '验证码错误!'}
2022-07-30 16:01:05,626 INFO [root] [para_login.py(test10_register:157)] - register response={'status': 100, 'description': '手机已存在!'}
2022-07-30 16:01:05,868 INFO [root] [para_login.py(test10_register:157)] - register response={'status': 100, 'description': '手机已存在!'}
2022-07-30 16:01:06,108 INFO [root] [para_login.py(test10_register:157)] - register response={'status': 100, 'description': '手机已存在!'}
2022-07-30 16:01:06,325 INFO [root] [para_login.py(test10_register:157)] - register response={'status': 100, 'description': '手机已存在!'}
2022-07-30 16:01:06,765 INFO [root] [para_login.py(test20_login_password_error:193)] - login response={'status': 100, 'data': {'login_error': 2}, 'description': '密码错误1次,达到3次将锁定账户'}
2022-07-30 16:01:06,829 INFO [root] [para_login.py(test20_login_password_error:200)] - login response={'status': 100, 'data': {'login_error': 3}, 'description': '密码错误2次,达到3次将锁定账户'}
2022-07-30 16:01:06,893 INFO [root] [para_login.py(test20_login_password_error:207)] - login response={'status': 100, 'description': '由于连续输入错误密码达到上限，账号已被锁定，请于1.0分钟后重新登录'}
2022-07-30 16:01:06,950 INFO [root] [para_login.py(test20_login_password_error:214)] - login response={'status': 100, 'description': '由于连续输入错误密码达到上限，账号已被锁定，请于1.0分钟后重新登录'}
2022-07-30 16:02:07,048 INFO [root] [para_login.py(test20_login_password_error:222)] - login response={'status': 200, 'description': '登录成功'}
2022-07-30 16:02:07,178 INFO [root] [approve.py(test01_approve_success:29)] - get login code response={'status': 200, 'description': '登录成功'}
2022-07-30 16:02:07,241 INFO [root] [approve.py(test01_approve_success:36)] - get approve response={'status': 200, 'data': {'card_id': '429****782', 'realname': '卫**'}, 'description': '提交成功!'}
2022-07-30 16:02:07,372 INFO [root] [approve.py(test02_approve_realName_is_null:46)] - get login code response={'status': 200, 'description': '登录成功'}
2022-07-30 16:02:07,438 INFO [root] [approve.py(test02_approve_realName_is_null:53)] - get approve response={'description': 'String index out of range: 1', 'status': 100}
2022-07-30 16:02:07,583 INFO [root] [approve.py(test03_approve_card_id_is_null:62)] - get login code response={'status': 200, 'description': '登录成功'}
2022-07-30 16:02:07,655 INFO [root] [approve.py(test03_approve_card_id_is_null:69)] - get approve response={'description': 'String index out of range: 1', 'status': 100}
2022-07-30 16:02:07,782 INFO [root] [approve.py(test04_getApprove_success:78)] - get login code response={'status': 200, 'description': '登录成功'}
2022-07-30 16:02:07,836 INFO [root] [approve.py(test04_getApprove_success:84)] - get approve response={'is_email_open': '-1', 'lastlogin_time': '1659168062', 'group_status': '', 'is_auth_user': '-1', 'is_realname_open': '2', 'is_corp': '-1', 'business_license': '', 'realname_remark': 'Trust register notify', 'card_id': '429****782', 'realname': '卫**', 'isCert': '2', 'realname_card': '1', 'pay_pwd': '', 'phone': '156****6611', 'realname_status': '1', 'trustType': 'chinapnr', 'pwd': '1', 'email': '', 'is_trust': '1'}
2022-07-30 16:02:10,021 INFO [root] [login.py(test20_login_password_error:349)] - login response={'status': 100, 'data': {'login_error': 2}, 'description': '密码错误1次,达到3次将锁定账户'}
2022-07-30 16:02:10,075 INFO [root] [login.py(test20_login_password_error:356)] - login response={'status': 100, 'data': {'login_error': 3}, 'description': '密码错误2次,达到3次将锁定账户'}
2022-07-30 16:02:10,140 INFO [root] [login.py(test20_login_password_error:363)] - login response={'status': 100, 'description': '由于连续输入错误密码达到上限，账号已被锁定，请于1.0分钟后重新登录'}
2022-07-30 16:02:10,188 INFO [root] [login.py(test20_login_password_error:370)] - login response={'status': 100, 'description': '由于连续输入错误密码达到上限，账号已被锁定，请于1.0分钟后重新登录'}
2022-07-30 16:03:10,271 INFO [root] [login.py(test20_login_password_error:378)] - login response={'status': 200, 'description': '登录成功'}
2022-07-30 16:03:10,413 INFO [root] [trust.py(test01_trust_register:25)] - login response={'status': 200, 'description': '登录成功'}
2022-07-30 16:03:10,479 INFO [root] [trust.py(test01_trust_register:31)] - trust register response={'status': 200, 'description': {'form': "<form name='easypaysubmit' id='easypaysubmit' target='_blank' method='post' action='http://121.43.169.97:8000/muser/publicRequests'><input name='Version' type='hidden' value='10'/><input name='CmdId' type='hidden' value='UserRegister'/><input name='MerCustId' type='hidden' value='6000060007313892'/><input name='BgRetUrl' type='hidden' value='https://www.baidu.com/'/><input name='RetUrl' type='hidden' value='http://user-p2p-test.itheima.net/trust/chinapnr/register/return/22073016020539507850'/><input name='UsrId' type='hidden' value=''/><input name='UsrName' type='hidden' value=''/><input name='IdType' type='hidden' value='00'/><input name='IdNo' type='hidden' value='429006198902135782'/><input name='UsrMp' type='hidden' value='15688886611'/><input name='UsrEmail' type='hidden' value=''/><input name='MerPriv' type='hidden' value='22073016020539507850'/><input name='ChkValue' type='hidden' value='-101'/><input name='CharSet' type='hidden' value='UTF-8'/></form><script>document.forms['easypaysubmit'].submit();</script>"}}
2022-07-30 16:03:10,491 INFO [root] [utils.py(third_request_api:26)] - third request url=http://121.43.169.97:8000/muser/publicRequests
2022-07-30 16:03:10,492 INFO [root] [utils.py(third_request_api:31)] - third request data={'Version': '10', 'CmdId': 'UserRegister', 'MerCustId': '6000060007313892', 'BgRetUrl': 'https://www.baidu.com/', 'RetUrl': 'http://user-p2p-test.itheima.net/trust/chinapnr/register/return/22073016020539507850', 'UsrId': '', 'UsrName': '', 'IdType': '00', 'IdNo': '429006198902135782', 'UsrMp': '15688886611', 'UsrEmail': '', 'MerPriv': '22073016020539507850', 'ChkValue': '-101', 'CharSet': 'UTF-8'}
2022-07-30 16:03:10,700 INFO [root] [utils.py(third_request_api:34)] - third trust response=UserRegister OK
2022-07-30 16:03:10,819 INFO [root] [trust.py(test02_risk:46)] - login response={'status': 200, 'description': '登录成功'}
2022-07-30 16:03:11,058 INFO [root] [trust.py(test03_recharge_verifyCode_random_float:60)] - login response={'status': 200, 'description': '登录成功'}
2022-07-30 16:03:11,233 INFO [root] [trust.py(test04_recharge_verifyCode_random_int:76)] - login response={'status': 200, 'description': '登录成功'}
2022-07-30 16:03:11,427 INFO [root] [trust.py(test05_recharge_success:92)] - login response={'status': 200, 'description': '登录成功'}
2022-07-30 16:03:11,536 INFO [root] [trust.py(test05_recharge_success:107)] - recharge response={'status': 200, 'description': {'form': "<form name='easypaysubmit' id='easypaysubmit' target='_blank' method='post' action='http://121.43.169.97:8000/muser/publicRequests'><input name='Version' type='hidden' value='10'/><input name='CmdId' type='hidden' value='NetSave'/><input name='MerCustId' type='hidden' value='6000060007313892'/><input name='UsrCustId' type='hidden' value='6020220730160205'/><input name='OrdId' type='hidden' value='22073016020645234350'/><input name='OrdDate' type='hidden' value='20220730'/><input name='GateBusiId' type='hidden' value='B2C'/><input name='OpenBankId' type='hidden' value=''/><input name='DcFlag' type='hidden' value='D'/><input name='TransAmt' type='hidden' value='200000.00'/><input name='RetUrl' type='hidden' value='http://user-p2p-test.itheima.net/trust/chinapnr/recharge/return/22073016020645234350'/><input name='BgRetUrl' type='hidden' value='https://www.baidu.com/'/><input name='OpenAcctId' type='hidden' value=''/><input name='CertId' type='hidden' value=''/><input name='MerPriv' type='hidden' value='10050'/><input name='ChkValue' type='hidden' value='-101'/><input name='CharSet' type='hidden' value='UTF-8'/></form><script>document.forms['easypaysubmit'].submit();</script>"}}
2022-07-30 16:03:11,546 INFO [root] [utils.py(third_request_api:26)] - third request url=http://121.43.169.97:8000/muser/publicRequests
2022-07-30 16:03:11,547 INFO [root] [utils.py(third_request_api:31)] - third request data={'Version': '10', 'CmdId': 'NetSave', 'MerCustId': '6000060007313892', 'UsrCustId': '6020220730160205', 'OrdId': '22073016020645234350', 'OrdDate': '20220730', 'GateBusiId': 'B2C', 'OpenBankId': '', 'DcFlag': 'D', 'TransAmt': '200000.00', 'RetUrl': 'http://user-p2p-test.itheima.net/trust/chinapnr/recharge/return/22073016020645234350', 'BgRetUrl': 'https://www.baidu.com/', 'OpenAcctId': '', 'CertId': '', 'MerPriv': '10050', 'ChkValue': '-101', 'CharSet': 'UTF-8'}
2022-07-30 16:03:11,819 INFO [root] [utils.py(third_request_api:34)] - third trust response=NetSave OK
2022-07-30 16:03:11,820 INFO [root] [trust.py(test05_recharge_success:114)] - third recharge response=NetSave OK
2022-07-30 16:03:12,022 INFO [root] [trust.py(test06_recharge_verifyCode_error:123)] - login response={'status': 200, 'description': '登录成功'}
2022-07-30 16:03:12,110 INFO [root] [trust.py(test06_recharge_verifyCode_error:138)] - recharge response={'status': 100, 'description': '验证码错误'}
2022-07-30 16:03:12,247 INFO [root] [trust.py(test07_recharge_verifyCode_is_null:147)] - login response={'status': 200, 'description': '登录成功'}
2022-07-30 16:03:12,354 INFO [root] [trust.py(test07_recharge_verifyCode_is_null:162)] - recharge response={'status': 100, 'description': '验证码错误'}
2022-07-30 16:03:12,531 INFO [root] [tender_process.py(test01_tender_process:55)] - get sms code response={'status': 200, 'description': '短信发送成功'}
2022-07-30 16:03:12,584 INFO [root] [tender_process.py(test01_tender_process:62)] - register response={'status': 100, 'description': '手机已存在!'}
