2022-07-30 15:58:07,309 INFO [root] [__init__.py(<module>:6)] - info
2022-07-30 15:58:07,311 ERROR [root] [__init__.py(<module>:7)] - error
2022-07-30 15:58:07,312 CRITICAL [root] [__init__.py(<module>:8)] - critical
2022-07-30 15:58:08,258 INFO [root] [trust.py(test01_trust_register:25)] - login response={'status': 200, 'description': '登录成功'}
2022-07-30 15:58:08,316 INFO [root] [trust.py(test01_trust_register:31)] - trust register response={'status': 200, 'description': {'form': "<form name='easypaysubmit' id='easypaysubmit' target='_blank' method='post' action='http://121.43.169.97:8000/muser/publicRequests'><input name='Version' type='hidden' value='10'/><input name='CmdId' type='hidden' value='UserRegister'/><input name='MerCustId' type='hidden' value='6000060007313892'/><input name='BgRetUrl' type='hidden' value='https://www.baidu.com/'/><input name='RetUrl' type='hidden' value='http://user-p2p-test.itheima.net/trust/chinapnr/register/return/22073015570323114550'/><input name='UsrId' type='hidden' value=''/><input name='UsrName' type='hidden' value=''/><input name='IdType' type='hidden' value='00'/><input name='IdNo' type='hidden' value='429006198902135782'/><input name='UsrMp' type='hidden' value='15688886611'/><input name='UsrEmail' type='hidden' value=''/><input name='MerPriv' type='hidden' value='22073015570323114550'/><input name='ChkValue' type='hidden' value='-101'/><input name='CharSet' type='hidden' value='UTF-8'/></form><script>document.forms['easypaysubmit'].submit();</script>"}}
2022-07-30 15:58:08,323 INFO [root] [utils.py(third_request_api:26)] - third request url=http://121.43.169.97:8000/muser/publicRequests
2022-07-30 15:58:08,324 INFO [root] [utils.py(third_request_api:31)] - third request data={'Version': '10', 'CmdId': 'UserRegister', 'MerCustId': '6000060007313892', 'BgRetUrl': 'https://www.baidu.com/', 'RetUrl': 'http://user-p2p-test.itheima.net/trust/chinapnr/register/return/22073015570323114550', 'UsrId': '', 'UsrName': '', 'IdType': '00', 'IdNo': '429006198902135782', 'UsrMp': '15688886611', 'UsrEmail': '', 'MerPriv': '22073015570323114550', 'ChkValue': '-101', 'CharSet': 'UTF-8'}
2022-07-30 15:58:08,571 INFO [root] [utils.py(third_request_api:34)] - third trust response=UserRegister OK
2022-07-30 15:58:08,704 INFO [root] [trust.py(test02_risk:46)] - login response={'status': 200, 'description': '登录成功'}
2022-07-30 15:58:09,211 INFO [root] [trust.py(test03_recharge_verifyCode_random_float:60)] - login response={'status': 200, 'description': '登录成功'}
2022-07-30 15:58:09,387 INFO [root] [trust.py(test04_recharge_verifyCode_random_int:76)] - login response={'status': 200, 'description': '登录成功'}
2022-07-30 15:58:09,584 INFO [root] [trust.py(test05_recharge_success:92)] - login response={'status': 200, 'description': '登录成功'}
2022-07-30 15:58:09,689 INFO [root] [trust.py(test05_recharge_success:107)] - recharge response={'status': 200, 'description': {'form': "<form name='easypaysubmit' id='easypaysubmit' target='_blank' method='post' action='http://121.43.169.97:8000/muser/publicRequests'><input name='Version' type='hidden' value='10'/><input name='CmdId' type='hidden' value='NetSave'/><input name='MerCustId' type='hidden' value='6000060007313892'/><input name='UsrCustId' type='hidden' value='6020220730155703'/><input name='OrdId' type='hidden' value='22073015570460883050'/><input name='OrdDate' type='hidden' value='20220730'/><input name='GateBusiId' type='hidden' value='B2C'/><input name='OpenBankId' type='hidden' value=''/><input name='DcFlag' type='hidden' value='D'/><input name='TransAmt' type='hidden' value='200000.00'/><input name='RetUrl' type='hidden' value='http://user-p2p-test.itheima.net/trust/chinapnr/recharge/return/22073015570460883050'/><input name='BgRetUrl' type='hidden' value='https://www.baidu.com/'/><input name='OpenAcctId' type='hidden' value=''/><input name='CertId' type='hidden' value=''/><input name='MerPriv' type='hidden' value='10050'/><input name='ChkValue' type='hidden' value='-101'/><input name='CharSet' type='hidden' value='UTF-8'/></form><script>document.forms['easypaysubmit'].submit();</script>"}}
2022-07-30 15:58:09,694 INFO [root] [utils.py(third_request_api:26)] - third request url=http://121.43.169.97:8000/muser/publicRequests
2022-07-30 15:58:09,695 INFO [root] [utils.py(third_request_api:31)] - third request data={'Version': '10', 'CmdId': 'NetSave', 'MerCustId': '6000060007313892', 'UsrCustId': '6020220730155703', 'OrdId': '22073015570460883050', 'OrdDate': '20220730', 'GateBusiId': 'B2C', 'OpenBankId': '', 'DcFlag': 'D', 'TransAmt': '200000.00', 'RetUrl': 'http://user-p2p-test.itheima.net/trust/chinapnr/recharge/return/22073015570460883050', 'BgRetUrl': 'https://www.baidu.com/', 'OpenAcctId': '', 'CertId': '', 'MerPriv': '10050', 'ChkValue': '-101', 'CharSet': 'UTF-8'}
2022-07-30 15:58:09,972 INFO [root] [utils.py(third_request_api:34)] - third trust response=NetSave OK
2022-07-30 15:58:09,972 INFO [root] [trust.py(test05_recharge_success:114)] - third recharge response=NetSave OK
2022-07-30 15:58:10,121 INFO [root] [trust.py(test06_recharge_verifyCode_error:123)] - login response={'status': 200, 'description': '登录成功'}
2022-07-30 15:58:10,209 INFO [root] [trust.py(test06_recharge_verifyCode_error:138)] - recharge response={'status': 100, 'description': '验证码错误'}
2022-07-30 15:58:10,349 INFO [root] [trust.py(test07_recharge_verifyCode_is_null:147)] - login response={'status': 200, 'description': '登录成功'}
2022-07-30 15:58:10,448 INFO [root] [trust.py(test07_recharge_verifyCode_is_null:162)] - recharge response={'status': 100, 'description': '验证码错误'}
